C:\USERS\AMIR\DOCUMENTS\VISUAL STUDIO 2012\PROJECTS\DIRECTXENGINE-2014\DIRECTXENGINE-2014\DEBUG\GAMESTATE.OBJ
C:\USERS\AMIR\DOCUMENTS\VISUAL STUDIO 2012\PROJECTS\DIRECTXENGINE-2014\DIRECTXENGINE-2014\DEBUG\GENERICVERTEX.OBJ
C:\USERS\AMIR\DOCUMENTS\VISUAL STUDIO 2012\PROJECTS\DIRECTXENGINE-2014\DIRECTXENGINE-2014\DEBUG\GRAPHICS.OBJ
C:\USERS\AMIR\DOCUMENTS\VISUAL STUDIO 2012\PROJECTS\DIRECTXENGINE-2014\DIRECTXENGINE-2014\DEBUG\INFIDELSHADER.OBJ
C:\USERS\AMIR\DOCUMENTS\VISUAL STUDIO 2012\PROJECTS\DIRECTXENGINE-2014\DIRECTXENGINE-2014\DEBUG\LIGHT.OBJ
C:\USERS\AMIR\DOCUMENTS\VISUAL STUDIO 2012\PROJECTS\DIRECTXENGINE-2014\DIRECTXENGINE-2014\DEBUG\MAIN.OBJ
C:\USERS\AMIR\DOCUMENTS\VISUAL STUDIO 2012\PROJECTS\DIRECTXENGINE-2014\DIRECTXENGINE-2014\DEBUG\MURIKAVERTEX.OBJ
C:\USERS\AMIR\DOCUMENTS\VISUAL STUDIO 2012\PROJECTS\DIRECTXENGINE-2014\DIRECTXENGINE-2014\DEBUG\PIXELSHADER.OBJ
C:\USERS\AMIR\DOCUMENTS\VISUAL STUDIO 2012\PROJECTS\DIRECTXENGINE-2014\DIRECTXENGINE-2014\DEBUG\RENDERTARGETVIEW.OBJ
C:\USERS\AMIR\DOCUMENTS\VISUAL STUDIO 2012\PROJECTS\DIRECTXENGINE-2014\DIRECTXENGINE-2014\DEBUG\REPORTERROR.OBJ
C:\USERS\AMIR\DOCUMENTS\VISUAL STUDIO 2012\PROJECTS\DIRECTXENGINE-2014\DIRECTXENGINE-2014\DEBUG\SAMPLER.OBJ
C:\USERS\AMIR\DOCUMENTS\VISUAL STUDIO 2012\PROJECTS\DIRECTXENGINE-2014\DIRECTXENGINE-2014\DEBUG\SHADERRESOURCEVIEW.OBJ
C:\USERS\AMIR\DOCUMENTS\VISUAL STUDIO 2012\PROJECTS\DIRECTXENGINE-2014\DIRECTXENGINE-2014\DEBUG\SHADOWMAP.OBJ
C:\USERS\AMIR\DOCUMENTS\VISUAL STUDIO 2012\PROJECTS\DIRECTXENGINE-2014\DIRECTXENGINE-2014\DEBUG\SHADOWMAPSHADER.OBJ
C:\USERS\AMIR\DOCUMENTS\VISUAL STUDIO 2012\PROJECTS\DIRECTXENGINE-2014\DIRECTXENGINE-2014\DEBUG\STRINGUTILITY.OBJ
C:\USERS\AMIR\DOCUMENTS\VISUAL STUDIO 2012\PROJECTS\DIRECTXENGINE-2014\DIRECTXENGINE-2014\DEBUG\TESTSHADER.OBJ
C:\USERS\AMIR\DOCUMENTS\VISUAL STUDIO 2012\PROJECTS\DIRECTXENGINE-2014\DIRECTXENGINE-2014\DEBUG\TESTSTATE.OBJ
C:\USERS\AMIR\DOCUMENTS\VISUAL STUDIO 2012\PROJECTS\DIRECTXENGINE-2014\DIRECTXENGINE-2014\DEBUG\TEXTURE.OBJ
C:\USERS\AMIR\DOCUMENTS\VISUAL STUDIO 2012\PROJECTS\DIRECTXENGINE-2014\DIRECTXENGINE-2014\DEBUG\TIMER.OBJ
C:\USERS\AMIR\DOCUMENTS\VISUAL STUDIO 2012\PROJECTS\DIRECTXENGINE-2014\DIRECTXENGINE-2014\DEBUG\VERTEXSHADER.OBJ
C:\USERS\AMIR\DOCUMENTS\VISUAL STUDIO 2012\PROJECTS\DIRECTXENGINE-2014\DIRECTXENGINE-2014\DEBUG\CAMERA.OBJ
C:\USERS\AMIR\DOCUMENTS\VISUAL STUDIO 2012\PROJECTS\DIRECTXENGINE-2014\DIRECTXENGINE-2014\DEBUG\EVENTPOLLER.OBJ
C:\USERS\AMIR\DOCUMENTS\VISUAL STUDIO 2012\PROJECTS\DIRECTXENGINE-2014\DIRECTXENGINE-2014\DEBUG\GAME.OBJ
C:\USERS\AMIR\DOCUMENTS\VISUAL STUDIO 2012\PROJECTS\DIRECTXENGINE-2014\DIRECTXENGINE-2014\DEBUG\GAMEOBJECT.OBJ
C:\USERS\AMIR\DOCUMENTS\VISUAL STUDIO 2012\PROJECTS\DIRECTXENGINE-2014\DIRECTXENGINE-2014\DEBUG\VC110.PDB
C:\USERS\AMIR\DOCUMENTS\VISUAL STUDIO 2012\PROJECTS\DIRECTXENGINE-2014\DEBUG\DIRECTXENGINE-2014.ILK
C:\USERS\AMIR\DOCUMENTS\VISUAL STUDIO 2012\PROJECTS\DIRECTXENGINE-2014\DEBUG\DIRECTXENGINE-2014.EXE
C:\USERS\AMIR\DOCUMENTS\VISUAL STUDIO 2012\PROJECTS\DIRECTXENGINE-2014\DEBUG\DIRECTXENGINE-2014.PDB
C:\Users\Amir\Documents\Visual Studio 2012\Projects\DirectXEngine-2014\DirectXEngine-2014\Debug\Camera.obj
C:\Users\Amir\Documents\Visual Studio 2012\Projects\DirectXEngine-2014\DirectXEngine-2014\Debug\EventPoller.obj
C:\Users\Amir\Documents\Visual Studio 2012\Projects\DirectXEngine-2014\DirectXEngine-2014\Debug\Game.obj
C:\Users\Amir\Documents\Visual Studio 2012\Projects\DirectXEngine-2014\DirectXEngine-2014\Debug\GameObject.obj
C:\Users\Amir\Documents\Visual Studio 2012\Projects\DirectXEngine-2014\DirectXEngine-2014\Debug\GameState.obj
C:\Users\Amir\Documents\Visual Studio 2012\Projects\DirectXEngine-2014\DirectXEngine-2014\Debug\GenericVertex.obj
C:\Users\Amir\Documents\Visual Studio 2012\Projects\DirectXEngine-2014\DirectXEngine-2014\Debug\Graphics.obj
C:\Users\Amir\Documents\Visual Studio 2012\Projects\DirectXEngine-2014\DirectXEngine-2014\Debug\InfidelShader.obj
C:\Users\Amir\Documents\Visual Studio 2012\Projects\DirectXEngine-2014\DirectXEngine-2014\Debug\Light.obj
C:\Users\Amir\Documents\Visual Studio 2012\Projects\DirectXEngine-2014\DirectXEngine-2014\Debug\Main.obj
C:\Users\Amir\Documents\Visual Studio 2012\Projects\DirectXEngine-2014\DirectXEngine-2014\Debug\MurikaVertex.obj
C:\Users\Amir\Documents\Visual Studio 2012\Projects\DirectXEngine-2014\DirectXEngine-2014\Debug\PixelShader.obj
C:\Users\Amir\Documents\Visual Studio 2012\Projects\DirectXEngine-2014\DirectXEngine-2014\Debug\RenderTargetView.obj
C:\Users\Amir\Documents\Visual Studio 2012\Projects\DirectXEngine-2014\DirectXEngine-2014\Debug\ReportError.obj
C:\Users\Amir\Documents\Visual Studio 2012\Projects\DirectXEngine-2014\DirectXEngine-2014\Debug\Sampler.obj
C:\Users\Amir\Documents\Visual Studio 2012\Projects\DirectXEngine-2014\DirectXEngine-2014\Debug\ShaderResourceView.obj
C:\Users\Amir\Documents\Visual Studio 2012\Projects\DirectXEngine-2014\DirectXEngine-2014\Debug\ShadowMap.obj
C:\Users\Amir\Documents\Visual Studio 2012\Projects\DirectXEngine-2014\DirectXEngine-2014\Debug\ShadowMapShader.obj
C:\Users\Amir\Documents\Visual Studio 2012\Projects\DirectXEngine-2014\DirectXEngine-2014\Debug\StringUtility.obj
C:\Users\Amir\Documents\Visual Studio 2012\Projects\DirectXEngine-2014\DirectXEngine-2014\Debug\TestShader.obj
C:\Users\Amir\Documents\Visual Studio 2012\Projects\DirectXEngine-2014\DirectXEngine-2014\Debug\TestState.obj
C:\Users\Amir\Documents\Visual Studio 2012\Projects\DirectXEngine-2014\DirectXEngine-2014\Debug\Texture.obj
C:\Users\Amir\Documents\Visual Studio 2012\Projects\DirectXEngine-2014\DirectXEngine-2014\Debug\Timer.obj
C:\Users\Amir\Documents\Visual Studio 2012\Projects\DirectXEngine-2014\DirectXEngine-2014\Debug\VertexShader.obj
C:\Users\Amir\Documents\Visual Studio 2012\Projects\DirectXEngine-2014\DirectXEngine-2014\Debug\cl.command.1.tlog
C:\Users\Amir\Documents\Visual Studio 2012\Projects\DirectXEngine-2014\DirectXEngine-2014\Debug\CL.read.1.tlog
C:\Users\Amir\Documents\Visual Studio 2012\Projects\DirectXEngine-2014\DirectXEngine-2014\Debug\CL.write.1.tlog
C:\Users\Amir\Documents\Visual Studio 2012\Projects\DirectXEngine-2014\DirectXEngine-2014\Debug\link-cvtres.read.1.tlog
C:\Users\Amir\Documents\Visual Studio 2012\Projects\DirectXEngine-2014\DirectXEngine-2014\Debug\link-cvtres.write.1.tlog
C:\Users\Amir\Documents\Visual Studio 2012\Projects\DirectXEngine-2014\DirectXEngine-2014\Debug\link-rc.read.1.tlog
C:\Users\Amir\Documents\Visual Studio 2012\Projects\DirectXEngine-2014\DirectXEngine-2014\Debug\link-rc.write.1.tlog
C:\Users\Amir\Documents\Visual Studio 2012\Projects\DirectXEngine-2014\DirectXEngine-2014\Debug\link.7344-cvtres.read.1.tlog
C:\Users\Amir\Documents\Visual Studio 2012\Projects\DirectXEngine-2014\DirectXEngine-2014\Debug\link.7344-cvtres.write.1.tlog
C:\Users\Amir\Documents\Visual Studio 2012\Projects\DirectXEngine-2014\DirectXEngine-2014\Debug\link.7344-rc.read.1.tlog
C:\Users\Amir\Documents\Visual Studio 2012\Projects\DirectXEngine-2014\DirectXEngine-2014\Debug\link.7344-rc.write.1.tlog
C:\Users\Amir\Documents\Visual Studio 2012\Projects\DirectXEngine-2014\DirectXEngine-2014\Debug\link.7344.read.1.tlog
C:\Users\Amir\Documents\Visual Studio 2012\Projects\DirectXEngine-2014\DirectXEngine-2014\Debug\link.7344.write.1.tlog
C:\Users\Amir\Documents\Visual Studio 2012\Projects\DirectXEngine-2014\DirectXEngine-2014\Debug\link.9512-cvtres.read.1.tlog
C:\Users\Amir\Documents\Visual Studio 2012\Projects\DirectXEngine-2014\DirectXEngine-2014\Debug\link.9512-cvtres.write.1.tlog
C:\Users\Amir\Documents\Visual Studio 2012\Projects\DirectXEngine-2014\DirectXEngine-2014\Debug\link.9512-rc.read.1.tlog
C:\Users\Amir\Documents\Visual Studio 2012\Projects\DirectXEngine-2014\DirectXEngine-2014\Debug\link.9512-rc.write.1.tlog
C:\Users\Amir\Documents\Visual Studio 2012\Projects\DirectXEngine-2014\DirectXEngine-2014\Debug\link.9512.read.1.tlog
C:\Users\Amir\Documents\Visual Studio 2012\Projects\DirectXEngine-2014\DirectXEngine-2014\Debug\link.9512.write.1.tlog
C:\Users\Amir\Documents\Visual Studio 2012\Projects\DirectXEngine-2014\DirectXEngine-2014\Debug\link.command.1.tlog
C:\Users\Amir\Documents\Visual Studio 2012\Projects\DirectXEngine-2014\DirectXEngine-2014\Debug\link.read.1.tlog
C:\Users\Amir\Documents\Visual Studio 2012\Projects\DirectXEngine-2014\DirectXEngine-2014\Debug\link.write.1.tlog
C:\Users\Amir\Documents\Visual Studio 2012\Projects\DirectXEngine-2014\DirectXEngine-2014\Debug\vc110.idb
C:\Users\Amir\Documents\Visual Studio 2012\Projects\DirectXEngine-2014\DirectXEngine-2014\Debug\vc110.pdb
C:\Users\Amir\Documents\Visual Studio 2012\Projects\DirectXEngine-2014\Debug\DirectXEngine-2014.pdb
C:\Users\Amir\Documents\Visual Studio 2012\Projects\DirectXEngine-2014\Debug\DirectXEngine-2014.exe
C:\Users\Amir\Documents\Visual Studio 2012\Projects\DirectXEngine-2014\Debug\DirectXEngine-2014.ilk
